<?xml version="1.0" encoding="UTF-8"?>
<!-- Generated by org.testng.reporters.JUnitReportReporter -->
<testsuite name="com.gnb.sudameris.test.BaseClass" tests="2" time="8.705" ignored="0" failures="0" timestamp="21 feb 2020 04:00:09 GMT" skipped="0" hostname="DESKTOP-QOPOM1B" errors="0">
  <testcase name="welcome" time="0.703" classname="com.gnb.sudameris.test.BaseClass"/>
  <testcase name="userRegister" time="8.002" classname="com.gnb.sudameris.test.BaseClass"/>
</testsuite> <!-- com.gnb.sudameris.test.BaseClass -->
