<?xml version="1.0" encoding="UTF-8"?>
<!-- Generated by org.testng.reporters.JUnitReportReporter -->
<testsuite name="com.gnb.sudameris.test.TestUserRegister" tests="3" time="12.044" ignored="0" failures="0" timestamp="24 feb 2020 06:00:57 GMT" skipped="0" hostname="DESKTOP-QOPOM1B" errors="0">
  <testcase name="welcome" time="1.581" classname="com.gnb.sudameris.test.TestUserRegister"/>
  <testcase name="userRegister" time="9.373" classname="com.gnb.sudameris.test.TestUserRegister"/>
  <testcase name="registerSuccessfully" time="1.090" classname="com.gnb.sudameris.test.TestUserRegister"/>
</testsuite> <!-- com.gnb.sudameris.test.TestUserRegister -->
