<?xml version="1.0" encoding="UTF-8"?>
<!-- Generated by org.testng.reporters.JUnitReportReporter -->
<testsuite name="com.gnb.sudameris.test.TestClass" tests="3" time="9.397" ignored="0" failures="0" timestamp="23 feb 2020 15:53:31 GMT" skipped="0" hostname="DESKTOP-QOPOM1B" errors="0">
  <testcase name="userRegister" time="7.863" classname="com.gnb.sudameris.test.TestClass"/>
  <testcase name="welcome" time="0.724" classname="com.gnb.sudameris.test.TestClass"/>
  <testcase name="registerSuccessfully" time="0.810" classname="com.gnb.sudameris.test.TestClass"/>
</testsuite> <!-- com.gnb.sudameris.test.TestClass -->
